1684 extreme rays
60 support hyperplanes

f-vector:
1 1684 20374 84128 171503 196314 131763 51539 11196 1231 60 1 

embedding dimension = 11
rank = 11 (maximal)
external index = 1


***********************************************************************

60 support hyperplanes:
 -1  0  0  0  0  1  1  0  0  0  0
 -1  0  0  0  1  0  0  1  0  0  0
 -1  0  0  1  0  0  0  0  1  0  0
 -1  0  1  0  0  0  0  0  0  1  0
 -1  1  0  0  0  0  0  0  0  0  1
  0 -1  0  0  0  0  2  0  0  0  0
  0 -1  0  0  0  1  0  1  0  0  0
  0 -1  0  0  1  0  0  0  1  0  0
  0 -1  0  1  0  0  0  0  0  1  0
  0 -1  1  0  0  0  0  0  0  0  1
  0  0 -1  0  0  0  1  1  0  0  0
  0  0 -1  0  0  1  0  0  1  0  0
  0  0 -1  0  1  0  0  0  0  1  0
  0  0 -1  1  0  0  0  0  0  0  1
  0  0  0 -1  0  0  0  2  0  0  0
  0  0  0 -1  0  0  1  0  1  0  0
  0  0  0 -1  0  1  0  0  0  1  0
  0  0  0 -1  1  0  0  0  0  0  1
  0  0  0  0 -1  0  0  1  1  0  0
  0  0  0  0 -1  0  1  0  0  1  0
  0  0  0  0 -1  1  0  0  0  0  1
  0  0  0  0  0 -1  0  0  2  0  0
  0  0  0  0  0 -1  0  1  0  1  0
  0  0  0  0  0 -1  1  0  0  0  1
  0  0  0  0  0  0 -1  0  1  1  0
  0  0  0  0  0  0 -1  1  0  0  1
  0  0  0  0  0  0  0 -1  0  2  0
  0  0  0  0  0  0  0 -1  1  0  1
  0  0  0  0  0  0  0  0 -1  1  1
  0  0  0  0  0  0  0  0  0 -1  2
  0  0  0  0  1  1  0  0  0  0 -1
  0  0  0  0  2  0  0  0  0 -1  0
  0  0  0  1  0  0  1  0  0  0 -1
  0  0  0  1  0  1  0  0  0 -1  0
  0  0  0  1  1  0  0  0 -1  0  0
  0  0  0  2  0  0  0 -1  0  0  0
  0  0  1  0  0  0  0  1  0  0 -1
  0  0  1  0  0  0  1  0  0 -1  0
  0  0  1  0  0  1  0  0 -1  0  0
  0  0  1  0  1  0  0 -1  0  0  0
  0  0  1  1  0  0 -1  0  0  0  0
  0  0  2  0  0 -1  0  0  0  0  0
  0  1  0  0  0  0  0  0  1  0 -1
  0  1  0  0  0  0  0  1  0 -1  0
  0  1  0  0  0  0  1  0 -1  0  0
  0  1  0  0  0  1  0 -1  0  0  0
  0  1  0  0  1  0 -1  0  0  0  0
  0  1  0  1  0 -1  0  0  0  0  0
  0  1  1  0 -1  0  0  0  0  0  0
  0  2  0 -1  0  0  0  0  0  0  0
  1  0  0  0  0  0  0  0  0  1 -1
  1  0  0  0  0  0  0  0  1 -1  0
  1  0  0  0  0  0  0  1 -1  0  0
  1  0  0  0  0  0  1 -1  0  0  0
  1  0  0  0  0  1 -1  0  0  0  0
  1  0  0  0  1 -1  0  0  0  0  0
  1  0  0  1 -1  0  0  0  0  0  0
  1  0  1 -1  0  0  0  0  0  0  0
  1  1 -1  0  0  0  0  0  0  0  0
  2 -1  0  0  0  0  0  0  0  0  0

